2023-10-13T16:21:55.388+09:00  INFO 2072 --- [restartedMain] kr.co.sboard.SboardApplication           : Starting SboardApplication using Java 17.0.8 with PID 2072 (C:\Users\Java\Desktop\Workspace\Spring\Sboard\build\classes\java\main started by Java in C:\Users\Java\Desktop\Workspace\Spring\Sboard)
2023-10-13T16:21:55.388+09:00  INFO 2072 --- [restartedMain] kr.co.sboard.SboardApplication           : No active profile set, falling back to 1 default profile: "default"
2023-10-13T16:21:55.493+09:00  INFO 2072 --- [restartedMain] .s.d.r.c.RepositoryConfigurationDelegate : Bootstrapping Spring Data JPA repositories in DEFAULT mode.
2023-10-13T16:21:55.500+09:00  INFO 2072 --- [restartedMain] .s.d.r.c.RepositoryConfigurationDelegate : Finished Spring Data repository scanning in 6 ms. Found 4 JPA repository interfaces.
2023-10-13T16:21:55.523+09:00  WARN 2072 --- [restartedMain] o.m.s.mapper.ClassPathMapperScanner      : No MyBatis mapper was found in '[kr.co.sboard]' package. Please check your configuration.
2023-10-13T16:21:55.565+09:00  INFO 2072 --- [restartedMain] o.s.b.w.embedded.tomcat.TomcatWebServer  : Tomcat initialized with port(s): 8080 (http)
2023-10-13T16:21:55.565+09:00  INFO 2072 --- [restartedMain] o.apache.catalina.core.StandardService   : Starting service [Tomcat]
2023-10-13T16:21:55.565+09:00  INFO 2072 --- [restartedMain] o.apache.catalina.core.StandardEngine    : Starting Servlet engine: [Apache Tomcat/10.1.13]
2023-10-13T16:21:55.576+09:00  INFO 2072 --- [restartedMain] o.a.c.c.C.[Tomcat].[localhost].[/]       : Initializing Spring embedded WebApplicationContext
2023-10-13T16:21:55.576+09:00  INFO 2072 --- [restartedMain] w.s.c.ServletWebServerApplicationContext : Root WebApplicationContext: initialization completed in 185 ms
2023-10-13T16:21:55.602+09:00  INFO 2072 --- [restartedMain] o.hibernate.jpa.internal.util.LogHelper  : HHH000204: Processing PersistenceUnitInfo [name: default]
2023-10-13T16:21:55.608+09:00  INFO 2072 --- [restartedMain] o.h.b.i.BytecodeProviderInitiator        : HHH000021: Bytecode provider name : bytebuddy
2023-10-13T16:21:55.608+09:00  INFO 2072 --- [restartedMain] o.s.o.j.p.SpringPersistenceUnitInfo      : No LoadTimeWeaver setup: ignoring JPA class transformer
2023-10-13T16:21:55.609+09:00  INFO 2072 --- [restartedMain] com.zaxxer.hikari.HikariDataSource       : HikariPool-3 - Starting...
2023-10-13T16:21:55.726+09:00  INFO 2072 --- [restartedMain] com.zaxxer.hikari.pool.HikariPool        : HikariPool-3 - Added connection com.mysql.cj.jdbc.ConnectionImpl@604b461f
2023-10-13T16:21:55.727+09:00  INFO 2072 --- [restartedMain] com.zaxxer.hikari.HikariDataSource       : HikariPool-3 - Start completed.
2023-10-13T16:21:55.727+09:00  WARN 2072 --- [restartedMain] org.hibernate.orm.deprecation            : HHH90000026: MySQL57Dialect has been deprecated; use org.hibernate.dialect.MySQLDialect instead
2023-10-13T16:21:55.738+09:00  INFO 2072 --- [restartedMain] o.h.b.i.BytecodeProviderInitiator        : HHH000021: Bytecode provider name : bytebuddy
2023-10-13T16:21:55.843+09:00  INFO 2072 --- [restartedMain] o.h.e.t.j.p.i.JtaPlatformInitiator       : HHH000490: Using JtaPlatform implementation: [org.hibernate.engine.transaction.jta.platform.internal.NoJtaPlatform]
2023-10-13T16:21:56.392+09:00  INFO 2072 --- [restartedMain] j.LocalContainerEntityManagerFactoryBean : Initialized JPA EntityManagerFactory for persistence unit 'default'
2023-10-13T16:21:56.450+09:00  WARN 2072 --- [restartedMain] JpaBaseConfiguration$JpaWebConfiguration : spring.jpa.open-in-view is enabled by default. Therefore, database queries may be performed during view rendering. Explicitly configure spring.jpa.open-in-view to disable this warning
2023-10-13T16:21:56.459+09:00  INFO 2072 --- [restartedMain] o.s.b.a.w.s.WelcomePageHandlerMapping    : Adding welcome page template: index
2023-10-13T16:21:56.491+09:00  INFO 2072 --- [restartedMain] o.s.s.web.DefaultSecurityFilterChain     : Will secure any request with [org.springframework.security.web.session.DisableEncodeUrlFilter@11739f4c, org.springframework.security.web.context.request.async.WebAsyncManagerIntegrationFilter@bbef16a, org.springframework.security.web.context.SecurityContextHolderFilter@5243ead6, org.springframework.security.web.header.HeaderWriterFilter@298e4af1, org.springframework.security.web.authentication.logout.LogoutFilter@3c9bc89a, org.springframework.security.web.authentication.UsernamePasswordAuthenticationFilter@40136a07, org.springframework.security.web.savedrequest.RequestCacheAwareFilter@8b17927, org.springframework.security.web.servletapi.SecurityContextHolderAwareRequestFilter@29bab9cf, org.springframework.security.web.authentication.AnonymousAuthenticationFilter@1d31c4e8, org.springframework.security.web.access.ExceptionTranslationFilter@33324315, org.springframework.security.web.access.intercept.AuthorizationFilter@766f6923]
2023-10-13T16:21:56.520+09:00  INFO 2072 --- [restartedMain] o.s.b.d.a.OptionalLiveReloadServer       : LiveReload server is running on port 35729
2023-10-13T16:21:56.526+09:00  INFO 2072 --- [restartedMain] o.s.b.w.embedded.tomcat.TomcatWebServer  : Tomcat started on port(s): 8080 (http) with context path ''
2023-10-13T16:21:56.529+09:00  INFO 2072 --- [restartedMain] kr.co.sboard.SboardApplication           : Started SboardApplication in 1.157 seconds (process running for 13599.073)
2023-10-13T16:21:56.530+09:00  INFO 2072 --- [restartedMain] .ConditionEvaluationDeltaLoggingListener : Condition evaluation unchanged
2023-10-13T16:22:56.465+09:00  INFO 2072 --- [File Watcher] rtingClassPathChangeChangedEventListener : Restarting due to 34 class path changes (0 additions, 34 deletions, 0 modifications)
2023-10-13T16:22:56.471+09:00  INFO 2072 --- [Thread-11] o.apache.catalina.core.StandardService   : Stopping service [Tomcat]
2023-10-13T16:22:56.477+09:00  INFO 2072 --- [Thread-11] j.LocalContainerEntityManagerFactoryBean : Closing JPA EntityManagerFactory for persistence unit 'default'
2023-10-13T16:22:56.477+09:00  INFO 2072 --- [Thread-11] com.zaxxer.hikari.HikariDataSource       : HikariPool-3 - Shutdown initiated...
2023-10-13T16:22:56.598+09:00  INFO 2072 --- [Thread-11] com.zaxxer.hikari.HikariDataSource       : HikariPool-3 - Shutdown completed.
2023-10-13T16:22:56.702+09:00  INFO 2072 --- [restartedMain] kr.co.sboard.SboardApplication           : Starting SboardApplication using Java 17.0.8 with PID 2072 (C:\Users\Java\Desktop\Workspace\Spring\Sboard\build\classes\java\main started by Java in C:\Users\Java\Desktop\Workspace\Spring\Sboard)
2023-10-13T16:22:56.702+09:00  INFO 2072 --- [restartedMain] kr.co.sboard.SboardApplication           : No active profile set, falling back to 1 default profile: "default"
2023-10-13T16:22:56.801+09:00  INFO 2072 --- [restartedMain] .s.d.r.c.RepositoryConfigurationDelegate : Bootstrapping Spring Data JPA repositories in DEFAULT mode.
2023-10-13T16:22:56.801+09:00  INFO 2072 --- [restartedMain] .s.d.r.c.RepositoryConfigurationDelegate : Finished Spring Data repository scanning in 0 ms. Found 0 JPA repository interfaces.
2023-10-13T16:22:56.823+09:00  WARN 2072 --- [restartedMain] o.m.s.mapper.ClassPathMapperScanner      : No MyBatis mapper was found in '[kr.co.sboard]' package. Please check your configuration.
2023-10-13T16:22:56.857+09:00  INFO 2072 --- [restartedMain] o.s.b.w.embedded.tomcat.TomcatWebServer  : Tomcat initialized with port(s): 8080 (http)
2023-10-13T16:22:56.857+09:00  INFO 2072 --- [restartedMain] o.apache.catalina.core.StandardService   : Starting service [Tomcat]
2023-10-13T16:22:56.857+09:00  INFO 2072 --- [restartedMain] o.apache.catalina.core.StandardEngine    : Starting Servlet engine: [Apache Tomcat/10.1.13]
2023-10-13T16:22:56.869+09:00  INFO 2072 --- [restartedMain] o.a.c.c.C.[Tomcat].[localhost].[/]       : Initializing Spring embedded WebApplicationContext
2023-10-13T16:22:56.869+09:00  INFO 2072 --- [restartedMain] w.s.c.ServletWebServerApplicationContext : Root WebApplicationContext: initialization completed in 166 ms
2023-10-13T16:22:56.910+09:00  INFO 2072 --- [restartedMain] o.hibernate.jpa.internal.util.LogHelper  : HHH000204: Processing PersistenceUnitInfo [name: default]
2023-10-13T16:22:56.921+09:00  INFO 2072 --- [restartedMain] o.h.b.i.BytecodeProviderInitiator        : HHH000021: Bytecode provider name : bytebuddy
2023-10-13T16:22:56.922+09:00  INFO 2072 --- [restartedMain] o.s.o.j.p.SpringPersistenceUnitInfo      : No LoadTimeWeaver setup: ignoring JPA class transformer
2023-10-13T16:22:56.922+09:00  INFO 2072 --- [restartedMain] com.zaxxer.hikari.HikariDataSource       : HikariPool-4 - Starting...
2023-10-13T16:22:57.041+09:00  INFO 2072 --- [restartedMain] com.zaxxer.hikari.pool.HikariPool        : HikariPool-4 - Added connection com.mysql.cj.jdbc.ConnectionImpl@1d14004c
2023-10-13T16:22:57.041+09:00  INFO 2072 --- [restartedMain] com.zaxxer.hikari.HikariDataSource       : HikariPool-4 - Start completed.
2023-10-13T16:22:57.042+09:00  WARN 2072 --- [restartedMain] org.hibernate.orm.deprecation            : HHH90000026: MySQL57Dialect has been deprecated; use org.hibernate.dialect.MySQLDialect instead
2023-10-13T16:22:57.043+09:00  INFO 2072 --- [restartedMain] o.h.b.i.BytecodeProviderInitiator        : HHH000021: Bytecode provider name : bytebuddy
2023-10-13T16:22:57.047+09:00  INFO 2072 --- [restartedMain] o.h.e.t.j.p.i.JtaPlatformInitiator       : HHH000490: Using JtaPlatform implementation: [org.hibernate.engine.transaction.jta.platform.internal.NoJtaPlatform]
2023-10-13T16:22:57.047+09:00  INFO 2072 --- [restartedMain] j.LocalContainerEntityManagerFactoryBean : Initialized JPA EntityManagerFactory for persistence unit 'default'
2023-10-13T16:22:57.059+09:00  WARN 2072 --- [restartedMain] JpaBaseConfiguration$JpaWebConfiguration : spring.jpa.open-in-view is enabled by default. Therefore, database queries may be performed during view rendering. Explicitly configure spring.jpa.open-in-view to disable this warning
2023-10-13T16:22:57.083+09:00  INFO 2072 --- [restartedMain] o.s.b.a.w.s.WelcomePageHandlerMapping    : Adding welcome page template: index
2023-10-13T16:22:57.121+09:00  WARN 2072 --- [restartedMain] .s.s.UserDetailsServiceAutoConfiguration : 

Using generated security password: 01970a2f-98d1-4a00-99b3-e00fd7f18e85

This generated password is for development use only. Your security configuration must be updated before running your application in production.

2023-10-13T16:22:57.142+09:00  INFO 2072 --- [restartedMain] o.s.s.web.DefaultSecurityFilterChain     : Will secure any request with [org.springframework.security.web.session.DisableEncodeUrlFilter@31e93f88, org.springframework.security.web.context.request.async.WebAsyncManagerIntegrationFilter@4413d78d, org.springframework.security.web.context.SecurityContextHolderFilter@1ddf340e, org.springframework.security.web.header.HeaderWriterFilter@3fad80b4, org.springframework.security.web.csrf.CsrfFilter@2235a6ad, org.springframework.security.web.authentication.logout.LogoutFilter@33783a1, org.springframework.security.web.authentication.UsernamePasswordAuthenticationFilter@7298d628, org.springframework.security.web.authentication.ui.DefaultLoginPageGeneratingFilter@69280228, org.springframework.security.web.authentication.ui.DefaultLogoutPageGeneratingFilter@585aeada, org.springframework.security.web.authentication.www.BasicAuthenticationFilter@25ceb2bf, org.springframework.security.web.savedrequest.RequestCacheAwareFilter@12d0f9d6, org.springframework.security.web.servletapi.SecurityContextHolderAwareRequestFilter@3a538df6, org.springframework.security.web.authentication.AnonymousAuthenticationFilter@8d1e024, org.springframework.security.web.access.ExceptionTranslationFilter@1f86e5a7, org.springframework.security.web.access.intercept.AuthorizationFilter@754df661]
2023-10-13T16:22:57.146+09:00  INFO 2072 --- [restartedMain] o.s.b.d.a.OptionalLiveReloadServer       : LiveReload server is running on port 35729
2023-10-13T16:22:57.152+09:00  INFO 2072 --- [restartedMain] o.s.b.w.embedded.tomcat.TomcatWebServer  : Tomcat started on port(s): 8080 (http) with context path ''
2023-10-13T16:22:57.155+09:00  INFO 2072 --- [restartedMain] kr.co.sboard.SboardApplication           : Started SboardApplication in 0.481 seconds (process running for 13659.699)
2023-10-13T16:22:57.158+09:00  INFO 2072 --- [restartedMain] .ConditionEvaluationDeltaLoggingListener : Condition evaluation delta:


==========================
CONDITION EVALUATION DELTA
==========================


Positive matches:
-----------------

   SpringBootWebSecurityConfiguration.SecurityFilterChainConfiguration matched:
      - AllNestedConditions 2 matched 0 did not; NestedCondition on DefaultWebSecurityCondition.Beans @ConditionalOnMissingBean (types: org.springframework.security.web.SecurityFilterChain; SearchStrategy: all) did not find any beans; NestedCondition on DefaultWebSecurityCondition.Classes @ConditionalOnClass found required classes 'org.springframework.security.web.SecurityFilterChain', 'org.springframework.security.config.annotation.web.builders.HttpSecurity' (DefaultWebSecurityCondition)

   UserDetailsServiceAutoConfiguration matched:
      - @ConditionalOnClass found required class 'org.springframework.security.authentication.AuthenticationManager' (OnClassCondition)
      - @ConditionalOnBean (types: org.springframework.security.config.annotation.ObjectPostProcessor; SearchStrategy: all) found bean 'objectPostProcessor'; @ConditionalOnMissingBean (types: org.springframework.security.authentication.AuthenticationManager,org.springframework.security.authentication.AuthenticationProvider,org.springframework.security.core.userdetails.UserDetailsService,org.springframework.security.authentication.AuthenticationManagerResolver,org.springframework.security.oauth2.jwt.JwtDecoder,org.springframework.security.oauth2.server.resource.introspection.OpaqueTokenIntrospector,org.springframework.security.oauth2.client.registration.ClientRegistrationRepository,org.springframework.security.saml2.provider.service.registration.RelyingPartyRegistrationRepository; SearchStrategy: all) did not find any beans (OnBeanCondition)


Negative matches:
-----------------

    None


Exclusions:
-----------

    None


Unconditional classes:
----------------------

    None



2023-10-13T16:30:18.769+09:00  INFO 2072 --- [File Watcher] rtingClassPathChangeChangedEventListener : Restarting due to 200 class path changes (34 additions, 0 deletions, 166 modifications)
2023-10-13T16:30:18.777+09:00  INFO 2072 --- [Thread-15] o.apache.catalina.core.StandardService   : Stopping service [Tomcat]
2023-10-13T16:30:18.780+09:00  INFO 2072 --- [Thread-15] j.LocalContainerEntityManagerFactoryBean : Closing JPA EntityManagerFactory for persistence unit 'default'
2023-10-13T16:30:18.780+09:00  INFO 2072 --- [Thread-15] com.zaxxer.hikari.HikariDataSource       : HikariPool-4 - Shutdown initiated...
2023-10-13T16:30:18.877+09:00  INFO 2072 --- [Thread-15] com.zaxxer.hikari.HikariDataSource       : HikariPool-4 - Shutdown completed.
